
ROM used:   96/4096 (2%)
            96/4096 (2%) including unused fragments

            0.1 Average locations per line
            8.0 Average locations per statement

RAM used:   5/383 (1%) at main() level
            28/383 (7%) worst case

Stack used: 1 worst case (1 in main + 0 for interrupts)
Stack size: 16

Lines Stmts  %   Files
----- ----- ---  -----
   26    12 100  main.c
  895     0   0  C:\Program Files (x86)\PICC\devices\16F1827.h
----- -----
  921    12 Total

Page ROM  %  RAM   Vol Diff  Functions:
---- --- --- ---   --- ----  ----------
0     23  24    1             @delay_ms1
0     70  73    1   380  5.3  main
 Inline         0   318  6.5  @cinit1

Program metrics:
    Functions               2
    Statements              12
    Comments                150
    Volume (V)              831
    Difficulty (D)          11.6
    Effort to implement (E) 9617
    Time to implement (T)   9 minutes
    Est Delivered Bugs (B)  0
    Cyclomatic Complexity   3
    Maintainability (MI)    148

 Segment     Used  Free
-----------  ----  ----
00000-00002     3  0  
00003-007FF    93  1952  
00800-00FFF     0  2048  



